[2014-09-27 11:37:52,201] INFO [TaskManager.templatetags.apptags:51] tas
[2014-09-27 11:37:52,203] INFO [TaskManager.templatetags.apptags:51] pro
[2014-09-27 11:37:52,204] INFO [TaskManager.templatetags.apptags:51] usr
[2014-09-27 11:37:52,207] INFO [TaskManager.templatetags.apptags:51] sta
[2014-09-27 11:38:36,539] INFO [TaskManager.templatetags.apptags:51] tas
[2014-09-27 11:38:36,542] INFO [TaskManager.templatetags.apptags:51] pro
[2014-09-27 11:38:36,543] INFO [TaskManager.templatetags.apptags:51] usr
[2014-09-27 11:38:36,546] INFO [TaskManager.templatetags.apptags:51] sta
[2014-09-27 11:38:36,729] INFO [TaskManager.templatetags.apptags:51] tas
[2014-09-27 11:38:36,730] INFO [TaskManager.templatetags.apptags:51] pro
[2014-09-27 11:38:36,733] INFO [TaskManager.templatetags.apptags:51] usr
[2014-09-27 11:38:36,733] INFO [TaskManager.templatetags.apptags:51] sta
[2014-09-27 11:48:05,260] DEBUG [TaskManager.views:45] debug
[2014-09-27 11:48:05,384] INFO [TaskManager.templatetags.apptags:51] tas
[2014-09-27 11:48:05,387] INFO [TaskManager.templatetags.apptags:51] pro
[2014-09-27 11:48:05,388] INFO [TaskManager.templatetags.apptags:51] usr
[2014-09-27 11:48:05,388] INFO [TaskManager.templatetags.apptags:51] sta
[2014-09-27 11:48:39,292] DEBUG [TaskManager.views:45] debug
[2014-09-27 11:48:39,384] INFO [TaskManager.templatetags.apptags:51] tas
[2014-09-27 11:48:39,385] INFO [TaskManager.templatetags.apptags:51] pro
[2014-09-27 11:48:39,391] INFO [TaskManager.templatetags.apptags:51] usr
[2014-09-27 11:48:39,391] INFO [TaskManager.templatetags.apptags:51] sta
[2014-09-27 11:48:47,348] INFO [TaskManager.templatetags.apptags:51] tas
[2014-09-27 11:48:47,349] INFO [TaskManager.templatetags.apptags:51] pro
[2014-09-27 11:48:47,351] INFO [TaskManager.templatetags.apptags:51] usr
[2014-09-27 11:48:47,352] INFO [TaskManager.templatetags.apptags:51] sta
[2014-09-27 11:49:22,082] DEBUG [TaskManager.views:45] debug
[2014-09-27 11:49:22,153] INFO [TaskManager.templatetags.apptags:51] tas
[2014-09-27 11:49:22,155] INFO [TaskManager.templatetags.apptags:51] pro
[2014-09-27 11:49:22,158] INFO [TaskManager.templatetags.apptags:51] usr
[2014-09-27 11:49:22,161] INFO [TaskManager.templatetags.apptags:51] sta
[2014-09-27 11:49:27,701] INFO [TaskManager.templatetags.apptags:51] tas
[2014-09-27 11:49:27,704] INFO [TaskManager.templatetags.apptags:51] pro
[2014-09-27 11:49:27,707] INFO [TaskManager.templatetags.apptags:51] usr
[2014-09-27 11:49:27,710] INFO [TaskManager.templatetags.apptags:51] sta
[2014-09-27 11:50:27,733] DEBUG [TaskManager.views:45] debug
[2014-09-27 11:50:27,798] INFO [TaskManager.templatetags.apptags:51] tas
[2014-09-27 11:50:27,799] INFO [TaskManager.templatetags.apptags:51] pro
[2014-09-27 11:50:27,801] INFO [TaskManager.templatetags.apptags:51] usr
[2014-09-27 11:50:27,803] INFO [TaskManager.templatetags.apptags:51] sta
[2014-09-27 11:50:33,956] INFO [TaskManager.templatetags.apptags:51] tas
[2014-09-27 11:50:33,960] INFO [TaskManager.templatetags.apptags:51] pro
[2014-09-27 11:50:33,961] INFO [TaskManager.templatetags.apptags:51] usr
[2014-09-27 11:50:33,963] INFO [TaskManager.templatetags.apptags:51] sta
[2014-09-27 11:50:51,861] INFO [TaskManager.templatetags.apptags:51] tas
[2014-09-27 11:50:51,862] INFO [TaskManager.templatetags.apptags:51] pro
[2014-09-27 11:50:51,865] INFO [TaskManager.templatetags.apptags:51] usr
[2014-09-27 11:50:51,867] INFO [TaskManager.templatetags.apptags:51] sta
[2014-09-27 11:50:51,911] INFO [TaskManager.templatetags.apptags:51] tas
[2014-09-27 11:50:51,913] INFO [TaskManager.templatetags.apptags:51] pro
[2014-09-27 11:50:51,915] INFO [TaskManager.templatetags.apptags:51] usr
[2014-09-27 11:50:51,918] INFO [TaskManager.templatetags.apptags:51] sta
[2014-09-27 11:50:52,233] INFO [TaskManager.templatetags.apptags:51] tas
[2014-09-27 11:50:52,236] INFO [TaskManager.templatetags.apptags:51] pro
[2014-09-27 11:50:52,239] INFO [TaskManager.templatetags.apptags:51] usr
[2014-09-27 11:50:52,242] INFO [TaskManager.templatetags.apptags:51] sta
[2014-09-27 11:53:01,789] INFO [TaskManager.templatetags.apptags:51] tas
[2014-09-27 11:53:01,792] INFO [TaskManager.templatetags.apptags:51] pro
[2014-09-27 11:53:01,799] INFO [TaskManager.templatetags.apptags:51] usr
[2014-09-27 11:53:01,801] INFO [TaskManager.templatetags.apptags:51] sta
[2014-09-27 11:57:34,068] DEBUG [TaskManager.views:45] debug
[2014-09-27 11:58:16,730] INFO [TaskManager.templatetags.apptags:51] tas
[2014-09-27 11:58:16,732] INFO [TaskManager.templatetags.apptags:51] pro
[2014-09-27 11:58:16,733] INFO [TaskManager.templatetags.apptags:51] usr
[2014-09-27 11:58:16,734] INFO [TaskManager.templatetags.apptags:51] sta
[2014-09-27 11:58:23,756] INFO [TaskManager.templatetags.apptags:51] tas
[2014-09-27 11:58:23,757] INFO [TaskManager.templatetags.apptags:51] pro
[2014-09-27 11:58:23,759] INFO [TaskManager.templatetags.apptags:51] usr
[2014-09-27 11:58:23,762] INFO [TaskManager.templatetags.apptags:51] sta
[2014-09-27 12:03:02,255] INFO [TaskManager.templatetags.apptags:51] tas
[2014-09-27 12:03:02,256] INFO [TaskManager.templatetags.apptags:51] pro
[2014-09-27 12:03:02,256] INFO [TaskManager.templatetags.apptags:51] usr
[2014-09-27 12:03:02,259] INFO [TaskManager.templatetags.apptags:51] sta
[2014-09-27 12:03:02,331] INFO [TaskManager.templatetags.apptags:51] tas
[2014-09-27 12:03:02,332] INFO [TaskManager.templatetags.apptags:51] pro
[2014-09-27 12:03:02,335] INFO [TaskManager.templatetags.apptags:51] usr
[2014-09-27 12:03:02,336] INFO [TaskManager.templatetags.apptags:51] sta
[2014-09-27 12:03:02,533] INFO [TaskManager.templatetags.apptags:51] tas
[2014-09-27 12:03:02,539] INFO [TaskManager.templatetags.apptags:51] pro
[2014-09-27 12:03:02,540] INFO [TaskManager.templatetags.apptags:51] usr
[2014-09-27 12:03:02,542] INFO [TaskManager.templatetags.apptags:51] sta
[2014-09-27 12:03:02,601] INFO [TaskManager.templatetags.apptags:51] tas
[2014-09-27 12:03:02,608] INFO [TaskManager.templatetags.apptags:51] pro
[2014-09-27 12:03:02,611] INFO [TaskManager.templatetags.apptags:51] usr
[2014-09-27 12:03:02,614] INFO [TaskManager.templatetags.apptags:51] sta
[2014-09-27 12:04:27,352] INFO [TaskManager.templatetags.apptags:51] tas
[2014-09-27 12:04:27,355] INFO [TaskManager.templatetags.apptags:51] pro
[2014-09-27 12:04:27,357] INFO [TaskManager.templatetags.apptags:51] usr
[2014-09-27 12:04:27,358] INFO [TaskManager.templatetags.apptags:51] sta
[2014-09-27 12:04:27,367] INFO [TaskManager.templatetags.apptags:51] tas
[2014-09-27 12:04:27,371] INFO [TaskManager.templatetags.apptags:51] pro
[2014-09-27 12:04:27,372] INFO [TaskManager.templatetags.apptags:51] usr
[2014-09-27 12:04:27,375] INFO [TaskManager.templatetags.apptags:51] sta
[2014-09-27 12:04:27,763] INFO [TaskManager.templatetags.apptags:51] tas
[2014-09-27 12:04:27,765] INFO [TaskManager.templatetags.apptags:51] pro
[2014-09-27 12:04:27,766] INFO [TaskManager.templatetags.apptags:51] usr
[2014-09-27 12:04:27,769] INFO [TaskManager.templatetags.apptags:51] sta
[2014-09-27 12:04:28,161] INFO [TaskManager.templatetags.apptags:51] tas
[2014-09-27 12:04:28,164] INFO [TaskManager.templatetags.apptags:51] pro
[2014-09-27 12:04:28,165] INFO [TaskManager.templatetags.apptags:51] usr
[2014-09-27 12:04:28,167] INFO [TaskManager.templatetags.apptags:51] sta
[2014-09-27 12:04:28,270] INFO [TaskManager.templatetags.apptags:51] tas
[2014-09-27 12:04:28,273] INFO [TaskManager.templatetags.apptags:51] pro
[2014-09-27 12:04:28,276] INFO [TaskManager.templatetags.apptags:51] usr
[2014-09-27 12:04:28,278] INFO [TaskManager.templatetags.apptags:51] sta
[2014-09-27 12:04:28,703] INFO [TaskManager.templatetags.apptags:51] tas
[2014-09-27 12:04:28,706] INFO [TaskManager.templatetags.apptags:51] pro
[2014-09-27 12:04:28,707] INFO [TaskManager.templatetags.apptags:51] usr
[2014-09-27 12:04:28,710] INFO [TaskManager.templatetags.apptags:51] sta
[2014-09-27 12:04:28,789] INFO [TaskManager.templatetags.apptags:51] tas
[2014-09-27 12:04:28,792] INFO [TaskManager.templatetags.apptags:51] pro
[2014-09-27 12:04:28,796] INFO [TaskManager.templatetags.apptags:51] usr
[2014-09-27 12:04:28,798] INFO [TaskManager.templatetags.apptags:51] sta
[2014-09-27 12:04:28,862] INFO [TaskManager.templatetags.apptags:51] tas
[2014-09-27 12:04:28,865] INFO [TaskManager.templatetags.apptags:51] pro
[2014-09-27 12:04:28,867] INFO [TaskManager.templatetags.apptags:51] usr
[2014-09-27 12:04:28,869] INFO [TaskManager.templatetags.apptags:51] sta
[2014-09-27 12:07:45,552] INFO [TaskManager.templatetags.apptags:51] tas
[2014-09-27 12:07:45,553] INFO [TaskManager.templatetags.apptags:51] pro
[2014-09-27 12:07:45,555] INFO [TaskManager.templatetags.apptags:51] usr
[2014-09-27 12:07:45,559] INFO [TaskManager.templatetags.apptags:51] sta
[2014-09-27 12:08:30,631] INFO [TaskManager.templatetags.apptags:51] tas
[2014-09-27 12:08:30,632] INFO [TaskManager.templatetags.apptags:51] pro
[2014-09-27 12:08:30,634] INFO [TaskManager.templatetags.apptags:51] usr
[2014-09-27 12:08:30,635] INFO [TaskManager.templatetags.apptags:51] sta
[2014-09-27 12:09:36,026] INFO [TaskManager.templatetags.apptags:51] tas
[2014-09-27 12:09:36,028] INFO [TaskManager.templatetags.apptags:51] pro
[2014-09-27 12:09:36,029] INFO [TaskManager.templatetags.apptags:51] usr
[2014-09-27 12:09:36,029] INFO [TaskManager.templatetags.apptags:51] sta
[2014-09-27 12:09:58,056] INFO [TaskManager.templatetags.apptags:51] tas
[2014-09-27 12:09:58,059] INFO [TaskManager.templatetags.apptags:51] pro
[2014-09-27 12:09:58,059] INFO [TaskManager.templatetags.apptags:51] usr
[2014-09-27 12:09:58,061] INFO [TaskManager.templatetags.apptags:51] sta
[2014-09-27 12:10:21,510] INFO [TaskManager.templatetags.apptags:51] tas
[2014-09-27 12:10:21,529] INFO [TaskManager.templatetags.apptags:51] pro
[2014-09-27 12:10:21,530] INFO [TaskManager.templatetags.apptags:51] usr
[2014-09-27 12:10:21,533] INFO [TaskManager.templatetags.apptags:51] sta
[2014-09-27 12:10:49,108] INFO [TaskManager.templatetags.apptags:51] tas
[2014-09-27 12:10:49,111] INFO [TaskManager.templatetags.apptags:51] pro
[2014-09-27 12:10:49,111] INFO [TaskManager.templatetags.apptags:51] usr
[2014-09-27 12:10:49,112] INFO [TaskManager.templatetags.apptags:51] sta
[2014-09-27 12:12:28,115] INFO [TaskManager.templatetags.apptags:51] tas
[2014-09-27 12:12:28,117] INFO [TaskManager.templatetags.apptags:51] pro
[2014-09-27 12:12:28,118] INFO [TaskManager.templatetags.apptags:51] usr
[2014-09-27 12:12:28,119] INFO [TaskManager.templatetags.apptags:51] sta
[2014-09-27 12:12:41,496] INFO [TaskManager.templatetags.apptags:51] tas
[2014-09-27 12:12:41,497] INFO [TaskManager.templatetags.apptags:51] pro
[2014-09-27 12:12:41,500] INFO [TaskManager.templatetags.apptags:51] usr
[2014-09-27 12:12:41,503] INFO [TaskManager.templatetags.apptags:51] sta
[2014-09-27 12:12:44,040] INFO [TaskManager.templatetags.apptags:51] tas
[2014-09-27 12:12:44,042] INFO [TaskManager.templatetags.apptags:51] pro
[2014-09-27 12:12:44,045] INFO [TaskManager.templatetags.apptags:51] usr
[2014-09-27 12:12:44,046] INFO [TaskManager.templatetags.apptags:51] sta
[2014-09-27 12:12:47,220] INFO [TaskManager.templatetags.apptags:51] tas
[2014-09-27 12:12:47,223] INFO [TaskManager.templatetags.apptags:51] pro
[2014-09-27 12:12:47,224] INFO [TaskManager.templatetags.apptags:51] usr
[2014-09-27 12:12:47,226] INFO [TaskManager.templatetags.apptags:51] sta
[2014-09-27 12:12:50,884] INFO [TaskManager.templatetags.apptags:51] tas
[2014-09-27 12:12:50,885] INFO [TaskManager.templatetags.apptags:51] pro
[2014-09-27 12:12:50,888] INFO [TaskManager.templatetags.apptags:51] usr
[2014-09-27 12:12:50,888] INFO [TaskManager.templatetags.apptags:51] sta
[2014-09-27 12:12:54,563] INFO [TaskManager.templatetags.apptags:51] tas
[2014-09-27 12:12:54,565] INFO [TaskManager.templatetags.apptags:51] pro
[2014-09-27 12:12:54,566] INFO [TaskManager.templatetags.apptags:51] usr
[2014-09-27 12:12:54,568] INFO [TaskManager.templatetags.apptags:51] sta
[2014-09-27 12:17:35,318] INFO [TaskManager.templatetags.apptags:51] tas
[2014-09-27 12:17:35,319] INFO [TaskManager.templatetags.apptags:51] pro
[2014-09-27 12:17:35,322] INFO [TaskManager.templatetags.apptags:51] usr
[2014-09-27 12:17:35,323] INFO [TaskManager.templatetags.apptags:51] sta
[2014-09-27 12:17:39,072] INFO [TaskManager.templatetags.apptags:51] tas
[2014-09-27 12:17:39,073] INFO [TaskManager.templatetags.apptags:51] pro
[2014-09-27 12:17:39,075] INFO [TaskManager.templatetags.apptags:51] usr
[2014-09-27 12:17:39,075] INFO [TaskManager.templatetags.apptags:51] sta
[2014-09-27 12:17:41,796] INFO [TaskManager.templatetags.apptags:51] tas
[2014-09-27 12:17:41,799] INFO [TaskManager.templatetags.apptags:51] pro
[2014-09-27 12:17:41,799] INFO [TaskManager.templatetags.apptags:51] usr
[2014-09-27 12:17:41,802] INFO [TaskManager.templatetags.apptags:51] sta
[2014-09-27 12:17:44,576] INFO [TaskManager.templatetags.apptags:51] tas
[2014-09-27 12:17:44,578] INFO [TaskManager.templatetags.apptags:51] pro
[2014-09-27 12:17:44,582] INFO [TaskManager.templatetags.apptags:51] usr
[2014-09-27 12:17:44,585] INFO [TaskManager.templatetags.apptags:51] sta
[2014-09-27 12:17:47,642] INFO [TaskManager.templatetags.apptags:51] tas
[2014-09-27 12:17:47,644] INFO [TaskManager.templatetags.apptags:51] pro
[2014-09-27 12:17:47,647] INFO [TaskManager.templatetags.apptags:51] usr
[2014-09-27 12:17:47,648] INFO [TaskManager.templatetags.apptags:51] sta
[2014-09-27 12:17:53,180] INFO [TaskManager.templatetags.apptags:51] tas
[2014-09-27 12:17:53,184] INFO [TaskManager.templatetags.apptags:51] pro
[2014-09-27 12:17:53,186] INFO [TaskManager.templatetags.apptags:51] usr
[2014-09-27 12:17:53,187] INFO [TaskManager.templatetags.apptags:51] sta
[2014-09-27 12:17:53,221] INFO [TaskManager.templatetags.apptags:51] tas
[2014-09-27 12:17:53,223] INFO [TaskManager.templatetags.apptags:51] pro
[2014-09-27 12:17:53,226] INFO [TaskManager.templatetags.apptags:51] usr
[2014-09-27 12:17:53,226] INFO [TaskManager.templatetags.apptags:51] sta
[2014-09-27 13:40:10,687] INFO [TaskManager.templatetags.apptags:51] tas
[2014-09-27 13:40:10,688] INFO [TaskManager.templatetags.apptags:51] pro
[2014-09-27 13:40:10,690] INFO [TaskManager.templatetags.apptags:51] usr
[2014-09-27 13:40:10,693] INFO [TaskManager.templatetags.apptags:51] sta
[2014-09-27 13:40:38,244] INFO [TaskManager.templatetags.apptags:51] tas
[2014-09-27 13:40:38,247] INFO [TaskManager.templatetags.apptags:51] pro
[2014-09-27 13:40:38,249] INFO [TaskManager.templatetags.apptags:51] usr
[2014-09-27 13:40:38,252] INFO [TaskManager.templatetags.apptags:51] sta
[2014-09-27 13:40:41,494] INFO [TaskManager.templatetags.apptags:51] tas
[2014-09-27 13:40:41,496] INFO [TaskManager.templatetags.apptags:51] pro
[2014-09-27 13:40:41,546] INFO [TaskManager.templatetags.apptags:51] usr
[2014-09-27 13:40:41,548] INFO [TaskManager.templatetags.apptags:51] sta
[2014-09-27 13:40:47,930] INFO [TaskManager.templatetags.apptags:51] tas
[2014-09-27 13:40:47,934] INFO [TaskManager.templatetags.apptags:51] pro
[2014-09-27 13:40:47,936] INFO [TaskManager.templatetags.apptags:51] usr
[2014-09-27 13:40:47,938] INFO [TaskManager.templatetags.apptags:51] sta
[2014-09-27 13:40:56,259] INFO [TaskManager.templatetags.apptags:51] tas
[2014-09-27 13:40:56,262] INFO [TaskManager.templatetags.apptags:51] pro
[2014-09-27 13:40:56,263] INFO [TaskManager.templatetags.apptags:51] usr
[2014-09-27 13:40:56,265] INFO [TaskManager.templatetags.apptags:51] sta
[2014-09-27 13:40:58,829] INFO [TaskManager.templatetags.apptags:51] tas
[2014-09-27 13:40:58,835] INFO [TaskManager.templatetags.apptags:51] pro
[2014-09-27 13:40:58,838] INFO [TaskManager.templatetags.apptags:51] usr
[2014-09-27 13:40:58,838] INFO [TaskManager.templatetags.apptags:51] sta
[2014-09-27 13:41:01,526] INFO [TaskManager.templatetags.apptags:51] tas
[2014-09-27 13:41:01,528] INFO [TaskManager.templatetags.apptags:51] pro
[2014-09-27 13:41:01,529] INFO [TaskManager.templatetags.apptags:51] usr
[2014-09-27 13:41:01,532] INFO [TaskManager.templatetags.apptags:51] sta
[2014-09-27 13:41:04,572] INFO [TaskManager.templatetags.apptags:51] tas
[2014-09-27 13:41:04,573] INFO [TaskManager.templatetags.apptags:51] pro
[2014-09-27 13:41:04,575] INFO [TaskManager.templatetags.apptags:51] usr
[2014-09-27 13:41:04,578] INFO [TaskManager.templatetags.apptags:51] sta
[2014-09-27 13:41:07,769] INFO [TaskManager.templatetags.apptags:51] tas
[2014-09-27 13:41:07,772] INFO [TaskManager.templatetags.apptags:51] pro
[2014-09-27 13:41:07,773] INFO [TaskManager.templatetags.apptags:51] usr
[2014-09-27 13:41:07,775] INFO [TaskManager.templatetags.apptags:51] sta
[2014-09-27 13:41:11,299] INFO [TaskManager.templatetags.apptags:51] tas
[2014-09-27 13:41:11,299] INFO [TaskManager.templatetags.apptags:51] pro
[2014-09-27 13:41:11,302] INFO [TaskManager.templatetags.apptags:51] usr
[2014-09-27 13:41:11,302] INFO [TaskManager.templatetags.apptags:51] sta
[2014-09-27 13:41:25,904] INFO [TaskManager.templatetags.apptags:51] tas
[2014-09-27 13:41:25,905] INFO [TaskManager.templatetags.apptags:51] pro
[2014-09-27 13:41:25,907] INFO [TaskManager.templatetags.apptags:51] usr
[2014-09-27 13:41:25,908] INFO [TaskManager.templatetags.apptags:51] sta
[2014-09-27 13:41:29,930] INFO [TaskManager.templatetags.apptags:51] tas
[2014-09-27 13:41:29,933] INFO [TaskManager.templatetags.apptags:51] pro
[2014-09-27 13:41:29,934] INFO [TaskManager.templatetags.apptags:51] usr
[2014-09-27 13:41:29,936] INFO [TaskManager.templatetags.apptags:51] sta
[2014-09-27 13:42:18,183] INFO [TaskManager.templatetags.apptags:51] tas
[2014-09-27 13:42:18,187] INFO [TaskManager.templatetags.apptags:51] pro
[2014-09-27 13:42:18,190] INFO [TaskManager.templatetags.apptags:51] usr
[2014-09-27 13:42:18,201] INFO [TaskManager.templatetags.apptags:51] sta
[2014-09-27 13:42:43,312] INFO [TaskManager.templatetags.apptags:51] tas
[2014-09-27 13:42:43,316] INFO [TaskManager.templatetags.apptags:51] pro
[2014-09-27 13:42:43,321] INFO [TaskManager.templatetags.apptags:51] usr
[2014-09-27 13:42:43,328] INFO [TaskManager.templatetags.apptags:51] sta
[2014-09-27 13:43:45,301] INFO [TaskManager.templatetags.apptags:51] tas
[2014-09-27 13:43:45,302] INFO [TaskManager.templatetags.apptags:51] pro
[2014-09-27 13:43:45,306] INFO [TaskManager.templatetags.apptags:51] usr
[2014-09-27 13:43:45,308] INFO [TaskManager.templatetags.apptags:51] sta
[2014-09-27 13:46:13,897] INFO [TaskManager.templatetags.apptags:51] tas
[2014-09-27 13:46:13,903] INFO [TaskManager.templatetags.apptags:51] pro
[2014-09-27 13:46:13,904] INFO [TaskManager.templatetags.apptags:51] usr
[2014-09-27 13:46:13,907] INFO [TaskManager.templatetags.apptags:51] sta
[2014-09-27 13:46:19,256] INFO [TaskManager.templatetags.apptags:51] tas
[2014-09-27 13:46:19,259] INFO [TaskManager.templatetags.apptags:51] pro
[2014-09-27 13:46:19,262] INFO [TaskManager.templatetags.apptags:51] usr
[2014-09-27 13:46:19,263] INFO [TaskManager.templatetags.apptags:51] sta
[2014-09-27 13:46:21,931] INFO [TaskManager.templatetags.apptags:51] tas
[2014-09-27 13:46:21,934] INFO [TaskManager.templatetags.apptags:51] pro
[2014-09-27 13:46:21,940] INFO [TaskManager.templatetags.apptags:51] usr
[2014-09-27 13:46:21,941] INFO [TaskManager.templatetags.apptags:51] sta
[2014-09-27 13:46:24,256] INFO [TaskManager.templatetags.apptags:51] tas
[2014-09-27 13:46:24,259] INFO [TaskManager.templatetags.apptags:51] pro
[2014-09-27 13:46:24,260] INFO [TaskManager.templatetags.apptags:51] usr
[2014-09-27 13:46:24,263] INFO [TaskManager.templatetags.apptags:51] sta
[2014-09-27 13:46:27,115] INFO [TaskManager.templatetags.apptags:51] tas
[2014-09-27 13:46:27,118] INFO [TaskManager.templatetags.apptags:51] pro
[2014-09-27 13:46:27,121] INFO [TaskManager.templatetags.apptags:51] usr
[2014-09-27 13:46:27,124] INFO [TaskManager.templatetags.apptags:51] sta
[2014-09-27 13:46:31,259] INFO [TaskManager.templatetags.apptags:51] tas
[2014-09-27 13:46:31,263] INFO [TaskManager.templatetags.apptags:51] pro
[2014-09-27 13:46:31,265] INFO [TaskManager.templatetags.apptags:51] usr
[2014-09-27 13:46:31,267] INFO [TaskManager.templatetags.apptags:51] sta
[2014-09-27 13:52:16,796] INFO [TaskManager.templatetags.apptags:51] tas
[2014-09-27 13:52:16,799] INFO [TaskManager.templatetags.apptags:51] pro
[2014-09-27 13:52:16,801] INFO [TaskManager.templatetags.apptags:51] usr
[2014-09-27 13:52:16,802] INFO [TaskManager.templatetags.apptags:51] sta
[2014-09-27 13:52:23,357] INFO [TaskManager.templatetags.apptags:51] tas
[2014-09-27 13:52:23,362] INFO [TaskManager.templatetags.apptags:51] pro
[2014-09-27 13:52:23,365] INFO [TaskManager.templatetags.apptags:51] usr
[2014-09-27 13:52:23,367] INFO [TaskManager.templatetags.apptags:51] sta
[2014-09-27 13:53:35,104] INFO [TaskManager.templatetags.apptags:51] tas
[2014-09-27 13:53:35,112] INFO [TaskManager.templatetags.apptags:51] pro
[2014-09-27 13:53:35,119] INFO [TaskManager.templatetags.apptags:51] usr
[2014-09-27 13:53:35,138] INFO [TaskManager.templatetags.apptags:51] sta
[2014-09-27 13:53:39,543] INFO [TaskManager.templatetags.apptags:51] tas
[2014-09-27 13:53:39,546] INFO [TaskManager.templatetags.apptags:51] pro
[2014-09-27 13:53:39,546] INFO [TaskManager.templatetags.apptags:51] usr
[2014-09-27 13:53:39,549] INFO [TaskManager.templatetags.apptags:51] sta
[2014-09-27 13:54:18,684] INFO [TaskManager.templatetags.apptags:51] tas
[2014-09-27 13:54:18,686] INFO [TaskManager.templatetags.apptags:51] pro
[2014-09-27 13:54:18,687] INFO [TaskManager.templatetags.apptags:51] usr
[2014-09-27 13:54:18,687] INFO [TaskManager.templatetags.apptags:51] sta
[2014-09-27 13:54:22,332] INFO [TaskManager.templatetags.apptags:51] tas
[2014-09-27 13:54:22,335] INFO [TaskManager.templatetags.apptags:51] pro
[2014-09-27 13:54:22,336] INFO [TaskManager.templatetags.apptags:51] usr
[2014-09-27 13:54:22,339] INFO [TaskManager.templatetags.apptags:51] sta
[2014-09-27 13:56:25,749] INFO [TaskManager.templatetags.apptags:51] tas
[2014-09-27 13:56:25,756] INFO [TaskManager.templatetags.apptags:51] pro
[2014-09-27 13:56:25,759] INFO [TaskManager.templatetags.apptags:51] usr
[2014-09-27 13:56:25,763] INFO [TaskManager.templatetags.apptags:51] sta
[2014-09-27 13:56:29,582] INFO [TaskManager.templatetags.apptags:51] tas
[2014-09-27 13:56:29,586] INFO [TaskManager.templatetags.apptags:51] pro
[2014-09-27 13:56:29,588] INFO [TaskManager.templatetags.apptags:51] usr
[2014-09-27 13:56:29,594] INFO [TaskManager.templatetags.apptags:51] sta
[2014-09-27 13:57:49,141] INFO [TaskManager.templatetags.apptags:51] tas
[2014-09-27 13:57:49,142] INFO [TaskManager.templatetags.apptags:51] pro
[2014-09-27 13:57:49,144] INFO [TaskManager.templatetags.apptags:51] usr
[2014-09-27 13:57:49,145] INFO [TaskManager.templatetags.apptags:51] sta
[2014-09-27 13:57:52,473] INFO [TaskManager.templatetags.apptags:51] tas
[2014-09-27 13:57:52,483] INFO [TaskManager.templatetags.apptags:51] pro
[2014-09-27 13:57:52,486] INFO [TaskManager.templatetags.apptags:51] usr
[2014-09-27 13:57:52,490] INFO [TaskManager.templatetags.apptags:51] sta
[2014-09-27 13:58:30,148] INFO [TaskManager.templatetags.apptags:51] tas
[2014-09-27 13:58:30,151] INFO [TaskManager.templatetags.apptags:51] pro
[2014-09-27 13:58:30,155] INFO [TaskManager.templatetags.apptags:51] usr
[2014-09-27 13:58:30,158] INFO [TaskManager.templatetags.apptags:51] sta
[2014-09-27 13:58:34,872] INFO [TaskManager.templatetags.apptags:51] tas
[2014-09-27 13:58:34,881] INFO [TaskManager.templatetags.apptags:51] pro
[2014-09-27 13:58:34,884] INFO [TaskManager.templatetags.apptags:51] usr
[2014-09-27 13:58:34,887] INFO [TaskManager.templatetags.apptags:51] sta
[2014-09-27 13:59:40,898] INFO [TaskManager.templatetags.apptags:51] tas
[2014-09-27 13:59:40,900] INFO [TaskManager.templatetags.apptags:51] pro
[2014-09-27 13:59:40,907] INFO [TaskManager.templatetags.apptags:51] usr
[2014-09-27 13:59:40,910] INFO [TaskManager.templatetags.apptags:51] sta
[2014-09-27 13:59:44,165] INFO [TaskManager.templatetags.apptags:51] tas
[2014-09-27 13:59:44,171] INFO [TaskManager.templatetags.apptags:51] pro
[2014-09-27 13:59:44,174] INFO [TaskManager.templatetags.apptags:51] usr
[2014-09-27 13:59:44,176] INFO [TaskManager.templatetags.apptags:51] sta
[2014-09-27 14:00:18,548] INFO [TaskManager.templatetags.apptags:51] tas
[2014-09-27 14:00:18,562] INFO [TaskManager.templatetags.apptags:51] pro
[2014-09-27 14:00:18,563] INFO [TaskManager.templatetags.apptags:51] usr
[2014-09-27 14:00:18,566] INFO [TaskManager.templatetags.apptags:51] sta
[2014-09-27 14:00:21,913] INFO [TaskManager.templatetags.apptags:51] tas
[2014-09-27 14:00:21,921] INFO [TaskManager.templatetags.apptags:51] pro
[2014-09-27 14:00:21,924] INFO [TaskManager.templatetags.apptags:51] usr
[2014-09-27 14:00:21,927] INFO [TaskManager.templatetags.apptags:51] sta
[2014-09-27 14:00:39,217] INFO [TaskManager.templatetags.apptags:51] tas
[2014-09-27 14:00:39,219] INFO [TaskManager.templatetags.apptags:51] pro
[2014-09-27 14:00:39,220] INFO [TaskManager.templatetags.apptags:51] usr
[2014-09-27 14:00:39,220] INFO [TaskManager.templatetags.apptags:51] sta
[2014-09-27 14:00:42,589] INFO [TaskManager.templatetags.apptags:51] tas
[2014-09-27 14:00:42,595] INFO [TaskManager.templatetags.apptags:51] pro
[2014-09-27 14:00:42,598] INFO [TaskManager.templatetags.apptags:51] usr
[2014-09-27 14:00:42,604] INFO [TaskManager.templatetags.apptags:51] sta
[2014-09-27 14:01:09,684] INFO [TaskManager.templatetags.apptags:51] tas
[2014-09-27 14:01:09,687] INFO [TaskManager.templatetags.apptags:51] pro
[2014-09-27 14:01:09,690] INFO [TaskManager.templatetags.apptags:51] usr
[2014-09-27 14:01:09,693] INFO [TaskManager.templatetags.apptags:51] sta
[2014-09-27 14:01:12,976] INFO [TaskManager.templatetags.apptags:51] tas
[2014-09-27 14:01:12,980] INFO [TaskManager.templatetags.apptags:51] pro
[2014-09-27 14:01:12,982] INFO [TaskManager.templatetags.apptags:51] usr
[2014-09-27 14:01:12,983] INFO [TaskManager.templatetags.apptags:51] sta
[2014-09-27 14:02:18,467] INFO [TaskManager.templatetags.apptags:51] tas
[2014-09-27 14:02:18,470] INFO [TaskManager.templatetags.apptags:51] pro
[2014-09-27 14:02:18,477] INFO [TaskManager.templatetags.apptags:51] usr
[2014-09-27 14:02:18,480] INFO [TaskManager.templatetags.apptags:51] sta
[2014-09-27 14:02:24,062] INFO [TaskManager.templatetags.apptags:51] tas
[2014-09-27 14:02:24,069] INFO [TaskManager.templatetags.apptags:51] pro
[2014-09-27 14:02:24,072] INFO [TaskManager.templatetags.apptags:51] usr
[2014-09-27 14:02:24,082] INFO [TaskManager.templatetags.apptags:51] sta
[2014-09-27 14:03:26,151] INFO [TaskManager.templatetags.apptags:51] tas
[2014-09-27 14:03:26,157] INFO [TaskManager.templatetags.apptags:51] pro
[2014-09-27 14:03:26,161] INFO [TaskManager.templatetags.apptags:51] usr
[2014-09-27 14:03:26,163] INFO [TaskManager.templatetags.apptags:51] sta
[2014-09-27 14:03:32,628] INFO [TaskManager.templatetags.apptags:51] tas
[2014-09-27 14:03:32,634] INFO [TaskManager.templatetags.apptags:51] pro
[2014-09-27 14:03:32,638] INFO [TaskManager.templatetags.apptags:51] usr
[2014-09-27 14:03:32,641] INFO [TaskManager.templatetags.apptags:51] sta
[2014-09-27 14:04:29,298] INFO [TaskManager.templatetags.apptags:51] tas
[2014-09-27 14:04:29,302] INFO [TaskManager.templatetags.apptags:51] pro
[2014-09-27 14:04:29,305] INFO [TaskManager.templatetags.apptags:51] usr
[2014-09-27 14:04:29,309] INFO [TaskManager.templatetags.apptags:51] sta
[2014-09-27 14:04:34,907] INFO [TaskManager.templatetags.apptags:51] tas
[2014-09-27 14:04:34,913] INFO [TaskManager.templatetags.apptags:51] pro
[2014-09-27 14:04:34,923] INFO [TaskManager.templatetags.apptags:51] usr
[2014-09-27 14:04:34,924] INFO [TaskManager.templatetags.apptags:51] sta
[2014-09-27 14:04:51,736] INFO [TaskManager.templatetags.apptags:51] tas
[2014-09-27 14:04:51,740] INFO [TaskManager.templatetags.apptags:51] pro
[2014-09-27 14:04:51,743] INFO [TaskManager.templatetags.apptags:51] usr
[2014-09-27 14:04:51,746] INFO [TaskManager.templatetags.apptags:51] sta
[2014-09-27 14:04:56,921] INFO [TaskManager.templatetags.apptags:51] tas
[2014-09-27 14:04:56,924] INFO [TaskManager.templatetags.apptags:51] pro
[2014-09-27 14:04:56,927] INFO [TaskManager.templatetags.apptags:51] usr
[2014-09-27 14:04:56,933] INFO [TaskManager.templatetags.apptags:51] sta
[2014-09-27 14:05:10,119] INFO [TaskManager.templatetags.apptags:51] tas
[2014-09-27 14:05:10,122] INFO [TaskManager.templatetags.apptags:51] pro
[2014-09-27 14:05:10,125] INFO [TaskManager.templatetags.apptags:51] usr
[2014-09-27 14:05:10,127] INFO [TaskManager.templatetags.apptags:51] sta
[2014-09-27 14:05:15,105] INFO [TaskManager.templatetags.apptags:51] tas
[2014-09-27 14:05:15,108] INFO [TaskManager.templatetags.apptags:51] pro
[2014-09-27 14:05:15,114] INFO [TaskManager.templatetags.apptags:51] usr
[2014-09-27 14:05:15,121] INFO [TaskManager.templatetags.apptags:51] sta
[2014-09-27 14:05:56,990] INFO [TaskManager.templatetags.apptags:51] tas
[2014-09-27 14:05:56,996] INFO [TaskManager.templatetags.apptags:51] pro
[2014-09-27 14:05:56,999] INFO [TaskManager.templatetags.apptags:51] usr
[2014-09-27 14:05:57,000] INFO [TaskManager.templatetags.apptags:51] sta
[2014-09-27 14:06:02,335] INFO [TaskManager.templatetags.apptags:51] tas
[2014-09-27 14:06:02,338] INFO [TaskManager.templatetags.apptags:51] pro
[2014-09-27 14:06:02,342] INFO [TaskManager.templatetags.apptags:51] usr
[2014-09-27 14:06:02,345] INFO [TaskManager.templatetags.apptags:51] sta
[2014-09-27 14:07:43,604] INFO [TaskManager.templatetags.apptags:51] tas
[2014-09-27 14:07:43,608] INFO [TaskManager.templatetags.apptags:51] pro
[2014-09-27 14:07:43,608] INFO [TaskManager.templatetags.apptags:51] usr
[2014-09-27 14:07:43,611] INFO [TaskManager.templatetags.apptags:51] sta
[2014-09-27 14:07:48,255] INFO [TaskManager.templatetags.apptags:51] tas
[2014-09-27 14:07:48,259] INFO [TaskManager.templatetags.apptags:51] pro
[2014-09-27 14:07:48,259] INFO [TaskManager.templatetags.apptags:51] usr
[2014-09-27 14:07:48,262] INFO [TaskManager.templatetags.apptags:51] sta
[2014-09-27 14:08:07,489] INFO [TaskManager.templatetags.apptags:51] tas
[2014-09-27 14:08:07,490] INFO [TaskManager.templatetags.apptags:51] pro
[2014-09-27 14:08:07,492] INFO [TaskManager.templatetags.apptags:51] usr
[2014-09-27 14:08:07,493] INFO [TaskManager.templatetags.apptags:51] sta
[2014-09-27 14:08:12,348] INFO [TaskManager.templatetags.apptags:51] tas
[2014-09-27 14:08:12,351] INFO [TaskManager.templatetags.apptags:51] pro
[2014-09-27 14:08:12,358] INFO [TaskManager.templatetags.apptags:51] usr
[2014-09-27 14:08:12,362] INFO [TaskManager.templatetags.apptags:51] sta
[2014-09-27 14:08:20,267] INFO [TaskManager.templatetags.apptags:51] tas
[2014-09-27 14:08:20,270] INFO [TaskManager.templatetags.apptags:51] pro
[2014-09-27 14:08:20,275] INFO [TaskManager.templatetags.apptags:51] usr
[2014-09-27 14:08:20,279] INFO [TaskManager.templatetags.apptags:51] sta
[2014-09-27 14:08:55,295] INFO [TaskManager.templatetags.apptags:51] tas
[2014-09-27 14:08:55,298] INFO [TaskManager.templatetags.apptags:51] pro
[2014-09-27 14:08:55,299] INFO [TaskManager.templatetags.apptags:51] usr
[2014-09-27 14:08:55,305] INFO [TaskManager.templatetags.apptags:51] sta
[2014-09-27 14:08:59,038] INFO [TaskManager.templatetags.apptags:51] tas
[2014-09-27 14:08:59,042] INFO [TaskManager.templatetags.apptags:51] pro
[2014-09-27 14:08:59,043] INFO [TaskManager.templatetags.apptags:51] usr
[2014-09-27 14:08:59,046] INFO [TaskManager.templatetags.apptags:51] sta
[2014-09-27 14:09:18,051] INFO [TaskManager.templatetags.apptags:51] tas
[2014-09-27 14:09:18,055] INFO [TaskManager.templatetags.apptags:51] pro
[2014-09-27 14:09:18,061] INFO [TaskManager.templatetags.apptags:51] usr
[2014-09-27 14:09:18,063] INFO [TaskManager.templatetags.apptags:51] sta
[2014-09-27 14:09:21,671] INFO [TaskManager.templatetags.apptags:51] tas
[2014-09-27 14:09:21,680] INFO [TaskManager.templatetags.apptags:51] pro
[2014-09-27 14:09:21,684] INFO [TaskManager.templatetags.apptags:51] usr
[2014-09-27 14:09:21,687] INFO [TaskManager.templatetags.apptags:51] sta
[2014-09-27 14:10:22,526] INFO [TaskManager.templatetags.apptags:51] tas
[2014-09-27 14:10:22,529] INFO [TaskManager.templatetags.apptags:51] pro
[2014-09-27 14:10:22,530] INFO [TaskManager.templatetags.apptags:51] usr
[2014-09-27 14:10:22,532] INFO [TaskManager.templatetags.apptags:51] sta
[2014-09-27 14:10:25,811] INFO [TaskManager.templatetags.apptags:51] tas
[2014-09-27 14:10:25,813] INFO [TaskManager.templatetags.apptags:51] pro
[2014-09-27 14:10:25,815] INFO [TaskManager.templatetags.apptags:51] usr
[2014-09-27 14:10:25,819] INFO [TaskManager.templatetags.apptags:51] sta
[2014-09-27 14:10:37,894] INFO [TaskManager.templatetags.apptags:51] tas
[2014-09-27 14:10:37,898] INFO [TaskManager.templatetags.apptags:51] pro
[2014-09-27 14:10:37,900] INFO [TaskManager.templatetags.apptags:51] usr
[2014-09-27 14:10:37,901] INFO [TaskManager.templatetags.apptags:51] sta
[2014-09-27 14:10:41,519] INFO [TaskManager.templatetags.apptags:51] tas
[2014-09-27 14:10:41,526] INFO [TaskManager.templatetags.apptags:51] pro
[2014-09-27 14:10:41,529] INFO [TaskManager.templatetags.apptags:51] usr
[2014-09-27 14:10:41,532] INFO [TaskManager.templatetags.apptags:51] sta
[2014-09-27 14:11:52,328] INFO [TaskManager.templatetags.apptags:51] tas
[2014-09-27 14:11:52,331] INFO [TaskManager.templatetags.apptags:51] pro
[2014-09-27 14:11:52,332] INFO [TaskManager.templatetags.apptags:51] usr
[2014-09-27 14:11:52,335] INFO [TaskManager.templatetags.apptags:51] sta
[2014-09-27 14:11:56,115] INFO [TaskManager.templatetags.apptags:51] tas
[2014-09-27 14:11:56,118] INFO [TaskManager.templatetags.apptags:51] pro
[2014-09-27 14:11:56,121] INFO [TaskManager.templatetags.apptags:51] usr
[2014-09-27 14:11:56,121] INFO [TaskManager.templatetags.apptags:51] sta
[2014-09-27 14:12:23,818] INFO [TaskManager.templatetags.apptags:51] tas
[2014-09-27 14:12:23,819] INFO [TaskManager.templatetags.apptags:51] pro
[2014-09-27 14:12:23,823] INFO [TaskManager.templatetags.apptags:51] usr
[2014-09-27 14:12:23,826] INFO [TaskManager.templatetags.apptags:51] sta
[2014-09-27 14:12:26,770] INFO [TaskManager.templatetags.apptags:51] tas
[2014-09-27 14:12:26,773] INFO [TaskManager.templatetags.apptags:51] pro
[2014-09-27 14:12:26,776] INFO [TaskManager.templatetags.apptags:51] usr
[2014-09-27 14:12:26,779] INFO [TaskManager.templatetags.apptags:51] sta
[2014-09-27 15:58:05,811] INFO [TaskManager.templatetags.apptags:51] tas
[2014-09-27 15:58:05,818] INFO [TaskManager.templatetags.apptags:51] pro
[2014-09-27 15:58:05,825] INFO [TaskManager.templatetags.apptags:51] usr
[2014-09-27 15:58:05,828] INFO [TaskManager.templatetags.apptags:51] sta
[2014-09-27 16:08:59,737] DEBUG [TaskManager.views:45] debug
[2014-09-27 16:08:59,882] INFO [TaskManager.templatetags.apptags:51] tas
[2014-09-27 16:08:59,887] INFO [TaskManager.templatetags.apptags:51] pro
[2014-09-27 16:08:59,888] INFO [TaskManager.templatetags.apptags:51] usr
[2014-09-27 16:08:59,891] INFO [TaskManager.templatetags.apptags:51] sta
[2014-09-27 16:15:47,404] INFO [TaskManager.templatetags.apptags:51] tas
[2014-09-27 16:15:47,408] INFO [TaskManager.templatetags.apptags:51] pro
[2014-09-27 16:15:47,411] INFO [TaskManager.templatetags.apptags:51] usr
[2014-09-27 16:15:47,414] INFO [TaskManager.templatetags.apptags:51] sta
[2014-09-27 16:16:05,802] INFO [TaskManager.templatetags.apptags:51] tas
[2014-09-27 16:16:05,803] INFO [TaskManager.templatetags.apptags:51] pro
[2014-09-27 16:16:05,806] INFO [TaskManager.templatetags.apptags:51] usr
[2014-09-27 16:16:05,809] INFO [TaskManager.templatetags.apptags:51] sta
[2014-09-27 16:16:19,601] INFO [TaskManager.templatetags.apptags:51] tas
[2014-09-27 16:16:19,602] INFO [TaskManager.templatetags.apptags:51] pro
[2014-09-27 16:16:19,604] INFO [TaskManager.templatetags.apptags:51] usr
[2014-09-27 16:16:19,605] INFO [TaskManager.templatetags.apptags:51] sta
[2014-09-27 16:16:55,424] INFO [TaskManager.templatetags.apptags:51] tas
[2014-09-27 16:16:55,426] INFO [TaskManager.templatetags.apptags:51] pro
[2014-09-27 16:16:55,427] INFO [TaskManager.templatetags.apptags:51] usr
[2014-09-27 16:16:55,433] INFO [TaskManager.templatetags.apptags:51] sta
[2014-09-27 16:17:22,641] INFO [TaskManager.templatetags.apptags:51] tas
[2014-09-27 16:17:22,641] INFO [TaskManager.templatetags.apptags:51] pro
[2014-09-27 16:17:22,644] INFO [TaskManager.templatetags.apptags:51] usr
[2014-09-27 16:17:22,644] INFO [TaskManager.templatetags.apptags:51] sta
[2014-09-27 16:17:38,530] INFO [TaskManager.templatetags.apptags:51] tas
[2014-09-27 16:17:38,532] INFO [TaskManager.templatetags.apptags:51] pro
[2014-09-27 16:17:38,535] INFO [TaskManager.templatetags.apptags:51] usr
[2014-09-27 16:17:38,539] INFO [TaskManager.templatetags.apptags:51] sta
[2014-09-27 16:18:01,362] INFO [TaskManager.templatetags.apptags:51] tas
[2014-09-27 16:18:01,365] INFO [TaskManager.templatetags.apptags:51] pro
[2014-09-27 16:18:01,368] INFO [TaskManager.templatetags.apptags:51] usr
[2014-09-27 16:18:01,369] INFO [TaskManager.templatetags.apptags:51] sta
[2014-09-27 16:19:55,088] INFO [TaskManager.templatetags.apptags:51] tas
[2014-09-27 16:19:55,091] INFO [TaskManager.templatetags.apptags:51] pro
[2014-09-27 16:19:55,095] INFO [TaskManager.templatetags.apptags:51] usr
[2014-09-27 16:19:55,101] INFO [TaskManager.templatetags.apptags:51] sta
[2014-09-27 16:20:21,174] INFO [TaskManager.templatetags.apptags:51] tas
[2014-09-27 16:20:21,181] INFO [TaskManager.templatetags.apptags:51] pro
[2014-09-27 16:20:21,184] INFO [TaskManager.templatetags.apptags:51] usr
[2014-09-27 16:20:21,190] INFO [TaskManager.templatetags.apptags:51] sta
[2014-09-27 16:20:33,651] INFO [TaskManager.templatetags.apptags:51] tas
[2014-09-27 16:20:33,655] INFO [TaskManager.templatetags.apptags:51] pro
[2014-09-27 16:20:33,660] INFO [TaskManager.templatetags.apptags:51] usr
[2014-09-27 16:20:33,667] INFO [TaskManager.templatetags.apptags:51] sta
[2014-09-27 16:21:01,719] INFO [TaskManager.templatetags.apptags:51] tas
[2014-09-27 16:21:01,726] INFO [TaskManager.templatetags.apptags:51] pro
[2014-09-27 16:21:01,729] INFO [TaskManager.templatetags.apptags:51] usr
[2014-09-27 16:21:01,733] INFO [TaskManager.templatetags.apptags:51] sta
[2014-09-27 16:21:27,082] INFO [TaskManager.templatetags.apptags:51] tas
[2014-09-27 16:21:27,088] INFO [TaskManager.templatetags.apptags:51] pro
[2014-09-27 16:21:27,092] INFO [TaskManager.templatetags.apptags:51] usr
[2014-09-27 16:21:27,095] INFO [TaskManager.templatetags.apptags:51] sta
[2014-09-27 16:24:10,066] DEBUG [TaskManager.views:45] debug
[2014-09-27 16:24:10,160] INFO [TaskManager.templatetags.apptags:51] tas
[2014-09-27 16:24:10,161] INFO [TaskManager.templatetags.apptags:51] pro
[2014-09-27 16:24:10,164] INFO [TaskManager.templatetags.apptags:51] usr
[2014-09-27 16:24:10,165] INFO [TaskManager.templatetags.apptags:51] sta
[2014-09-27 16:27:01,121] INFO [TaskManager.templatetags.apptags:51] tas
[2014-09-27 16:27:01,125] INFO [TaskManager.templatetags.apptags:51] pro
[2014-09-27 16:27:01,128] INFO [TaskManager.templatetags.apptags:51] usr
[2014-09-27 16:27:01,128] INFO [TaskManager.templatetags.apptags:51] sta
[2014-09-27 16:28:11,496] DEBUG [TaskManager.views:45] debug
[2014-09-27 16:28:11,635] INFO [TaskManager.templatetags.apptags:51] tas
[2014-09-27 16:28:11,638] INFO [TaskManager.templatetags.apptags:51] pro
[2014-09-27 16:28:11,638] INFO [TaskManager.templatetags.apptags:51] usr
[2014-09-27 16:28:11,640] INFO [TaskManager.templatetags.apptags:51] sta
[2014-09-27 16:39:01,190] DEBUG [TaskManager.views:45] debug
[2014-09-27 16:39:01,322] INFO [TaskManager.templatetags.apptags:51] tas
[2014-09-27 16:39:01,323] INFO [TaskManager.templatetags.apptags:51] pro
[2014-09-27 16:39:01,325] INFO [TaskManager.templatetags.apptags:51] usr
[2014-09-27 16:39:01,326] INFO [TaskManager.templatetags.apptags:51] sta
[2014-09-27 16:45:39,233] INFO [TaskManager.templatetags.apptags:51] tas
[2014-09-27 16:45:39,236] INFO [TaskManager.templatetags.apptags:51] pro
[2014-09-27 16:45:39,239] INFO [TaskManager.templatetags.apptags:51] usr
[2014-09-27 16:45:39,246] INFO [TaskManager.templatetags.apptags:51] sta
[2014-09-27 16:48:27,101] INFO [TaskManager.templatetags.apptags:51] tas
[2014-09-27 16:48:27,105] INFO [TaskManager.templatetags.apptags:51] pro
[2014-09-27 16:48:27,105] INFO [TaskManager.templatetags.apptags:51] usr
[2014-09-27 16:48:27,108] INFO [TaskManager.templatetags.apptags:51] sta
[2014-09-27 16:49:41,841] INFO [TaskManager.templatetags.apptags:51] tas
[2014-09-27 16:49:41,842] INFO [TaskManager.templatetags.apptags:51] pro
[2014-09-27 16:49:41,845] INFO [TaskManager.templatetags.apptags:51] usr
[2014-09-27 16:49:41,846] INFO [TaskManager.templatetags.apptags:51] sta
[2014-09-27 16:52:59,894] DEBUG [TaskManager.views:45] debug
[2014-09-27 16:53:00,010] INFO [TaskManager.templatetags.apptags:51] tas
[2014-09-27 16:53:00,020] INFO [TaskManager.templatetags.apptags:51] pro
[2014-09-27 16:53:00,023] INFO [TaskManager.templatetags.apptags:51] usr
[2014-09-27 16:53:00,025] INFO [TaskManager.templatetags.apptags:51] sta
[2014-09-27 16:53:38,907] INFO [TaskManager.templatetags.apptags:51] tas
[2014-09-27 16:53:38,910] INFO [TaskManager.templatetags.apptags:51] pro
[2014-09-27 16:53:38,914] INFO [TaskManager.templatetags.apptags:51] usr
[2014-09-27 16:53:38,917] INFO [TaskManager.templatetags.apptags:51] sta
[2014-09-27 16:56:44,558] INFO [TaskManager.templatetags.apptags:51] tas
[2014-09-27 16:56:44,559] INFO [TaskManager.templatetags.apptags:51] pro
[2014-09-27 16:56:44,562] INFO [TaskManager.templatetags.apptags:51] usr
[2014-09-27 16:56:44,563] INFO [TaskManager.templatetags.apptags:51] sta
[2014-09-27 16:57:34,707] DEBUG [TaskManager.views:45] debug
[2014-09-27 16:57:34,815] INFO [TaskManager.templatetags.apptags:51] tas
[2014-09-27 16:57:34,818] INFO [TaskManager.templatetags.apptags:51] pro
[2014-09-27 16:57:34,819] INFO [TaskManager.templatetags.apptags:51] usr
[2014-09-27 16:57:34,821] INFO [TaskManager.templatetags.apptags:51] sta
[2014-09-27 16:57:45,726] DEBUG [TaskManager.views:45] debug
[2014-09-27 16:57:45,822] INFO [TaskManager.templatetags.apptags:51] tas
[2014-09-27 16:57:45,826] INFO [TaskManager.templatetags.apptags:51] pro
[2014-09-27 16:57:45,828] INFO [TaskManager.templatetags.apptags:51] usr
[2014-09-27 16:57:45,831] INFO [TaskManager.templatetags.apptags:51] sta
[2014-09-27 16:58:38,875] DEBUG [TaskManager.views:45] debug
[2014-09-27 16:58:39,046] INFO [TaskManager.templatetags.apptags:51] tas
[2014-09-27 16:58:39,051] INFO [TaskManager.templatetags.apptags:51] pro
[2014-09-27 16:58:39,053] INFO [TaskManager.templatetags.apptags:51] usr
[2014-09-27 16:58:39,062] INFO [TaskManager.templatetags.apptags:51] sta
[2014-09-27 17:07:41,790] DEBUG [TaskManager.views:45] debug
[2014-09-27 17:07:41,921] INFO [TaskManager.templatetags.apptags:51] tas
[2014-09-27 17:07:41,923] INFO [TaskManager.templatetags.apptags:51] pro
[2014-09-27 17:07:41,924] INFO [TaskManager.templatetags.apptags:51] usr
[2014-09-27 17:07:41,926] INFO [TaskManager.templatetags.apptags:51] sta
[2014-09-27 17:08:06,948] DEBUG [TaskManager.views:45] debug
[2014-09-27 17:08:07,085] INFO [TaskManager.templatetags.apptags:51] tas
[2014-09-27 17:08:07,089] INFO [TaskManager.templatetags.apptags:51] pro
[2014-09-27 17:08:07,092] INFO [TaskManager.templatetags.apptags:51] usr
[2014-09-27 17:08:07,092] INFO [TaskManager.templatetags.apptags:51] sta
[2014-09-27 17:12:39,466] DEBUG [TaskManager.views:45] debug
[2014-09-27 17:12:39,539] INFO [TaskManager.templatetags.apptags:51] tas
[2014-09-27 17:12:39,540] INFO [TaskManager.templatetags.apptags:51] pro
[2014-09-27 17:12:39,542] INFO [TaskManager.templatetags.apptags:51] usr
[2014-09-27 17:12:39,545] INFO [TaskManager.templatetags.apptags:51] sta
[2014-09-27 17:12:56,200] DEBUG [TaskManager.views:45] debug
[2014-09-27 17:12:56,309] INFO [TaskManager.templatetags.apptags:51] tas
[2014-09-27 17:12:56,312] INFO [TaskManager.templatetags.apptags:51] pro
[2014-09-27 17:12:56,315] INFO [TaskManager.templatetags.apptags:51] usr
[2014-09-27 17:12:56,316] INFO [TaskManager.templatetags.apptags:51] sta
[2014-09-27 17:13:14,334] DEBUG [TaskManager.views:45] debug
[2014-09-27 17:13:14,417] INFO [TaskManager.templatetags.apptags:51] tas
[2014-09-27 17:13:14,418] INFO [TaskManager.templatetags.apptags:51] pro
[2014-09-27 17:13:14,420] INFO [TaskManager.templatetags.apptags:51] usr
[2014-09-27 17:13:14,421] INFO [TaskManager.templatetags.apptags:51] sta
[2014-09-27 17:16:34,072] DEBUG [TaskManager.views:45] debug
[2014-09-27 17:16:34,178] INFO [TaskManager.templatetags.apptags:51] tas
[2014-09-27 17:16:34,180] INFO [TaskManager.templatetags.apptags:51] pro
[2014-09-27 17:16:34,183] INFO [TaskManager.templatetags.apptags:51] usr
[2014-09-27 17:16:34,184] INFO [TaskManager.templatetags.apptags:51] sta
[2014-09-27 17:19:09,365] DEBUG [TaskManager.views:45] debug
[2014-09-27 17:19:09,490] INFO [TaskManager.templatetags.apptags:51] tas
[2014-09-27 17:19:09,492] INFO [TaskManager.templatetags.apptags:51] pro
[2014-09-27 17:19:09,493] INFO [TaskManager.templatetags.apptags:51] usr
[2014-09-27 17:19:09,493] INFO [TaskManager.templatetags.apptags:51] sta
[2014-09-27 17:19:46,411] INFO [TaskManager.templatetags.apptags:51] tas
[2014-09-27 17:19:46,415] INFO [TaskManager.templatetags.apptags:51] pro
[2014-09-27 17:19:46,420] INFO [TaskManager.templatetags.apptags:51] usr
[2014-09-27 17:19:46,424] INFO [TaskManager.templatetags.apptags:51] sta
[2014-09-27 17:20:06,980] INFO [TaskManager.templatetags.apptags:51] tas
[2014-09-27 17:20:06,984] INFO [TaskManager.templatetags.apptags:51] pro
[2014-09-27 17:20:06,986] INFO [TaskManager.templatetags.apptags:51] usr
[2014-09-27 17:20:06,990] INFO [TaskManager.templatetags.apptags:51] sta
[2014-09-27 17:20:20,532] INFO [TaskManager.templatetags.apptags:51] tas
[2014-09-27 17:20:20,535] INFO [TaskManager.templatetags.apptags:51] pro
[2014-09-27 17:20:20,536] INFO [TaskManager.templatetags.apptags:51] usr
[2014-09-27 17:20:20,538] INFO [TaskManager.templatetags.apptags:51] sta
[2014-09-27 17:20:44,713] INFO [TaskManager.templatetags.apptags:51] tas
[2014-09-27 17:20:44,717] INFO [TaskManager.templatetags.apptags:51] pro
[2014-09-27 17:20:44,724] INFO [TaskManager.templatetags.apptags:51] usr
[2014-09-27 17:20:44,726] INFO [TaskManager.templatetags.apptags:51] sta
[2014-09-27 17:21:03,717] INFO [TaskManager.templatetags.apptags:51] tas
[2014-09-27 17:21:03,720] INFO [TaskManager.templatetags.apptags:51] pro
[2014-09-27 17:21:03,721] INFO [TaskManager.templatetags.apptags:51] usr
[2014-09-27 17:21:03,723] INFO [TaskManager.templatetags.apptags:51] sta
[2014-09-27 17:21:38,884] INFO [TaskManager.templatetags.apptags:51] tas
[2014-09-27 17:21:38,888] INFO [TaskManager.templatetags.apptags:51] pro
[2014-09-27 17:21:38,891] INFO [TaskManager.templatetags.apptags:51] usr
[2014-09-27 17:21:38,894] INFO [TaskManager.templatetags.apptags:51] sta
[2014-09-27 17:21:56,970] INFO [TaskManager.templatetags.apptags:51] tas
[2014-09-27 17:21:56,974] INFO [TaskManager.templatetags.apptags:51] pro
[2014-09-27 17:21:56,980] INFO [TaskManager.templatetags.apptags:51] usr
[2014-09-27 17:21:56,983] INFO [TaskManager.templatetags.apptags:51] sta
[2014-09-27 17:22:45,450] INFO [TaskManager.templatetags.apptags:51] tas
[2014-09-27 17:22:45,453] INFO [TaskManager.templatetags.apptags:51] pro
[2014-09-27 17:22:45,457] INFO [TaskManager.templatetags.apptags:51] usr
[2014-09-27 17:22:45,460] INFO [TaskManager.templatetags.apptags:51] sta
[2014-09-27 17:23:11,431] INFO [TaskManager.templatetags.apptags:51] tas
[2014-09-27 17:23:11,433] INFO [TaskManager.templatetags.apptags:51] pro
[2014-09-27 17:23:11,438] INFO [TaskManager.templatetags.apptags:51] usr
[2014-09-27 17:23:11,441] INFO [TaskManager.templatetags.apptags:51] sta
[2014-09-27 17:23:41,786] INFO [TaskManager.templatetags.apptags:51] tas
[2014-09-27 17:23:41,789] INFO [TaskManager.templatetags.apptags:51] pro
[2014-09-27 17:23:41,790] INFO [TaskManager.templatetags.apptags:51] usr
[2014-09-27 17:23:41,792] INFO [TaskManager.templatetags.apptags:51] sta
[2014-09-27 17:23:59,319] INFO [TaskManager.templatetags.apptags:51] tas
[2014-09-27 17:23:59,323] INFO [TaskManager.templatetags.apptags:51] pro
[2014-09-27 17:23:59,326] INFO [TaskManager.templatetags.apptags:51] usr
[2014-09-27 17:23:59,329] INFO [TaskManager.templatetags.apptags:51] sta
[2014-09-27 17:25:36,295] INFO [TaskManager.templatetags.apptags:51] tas
[2014-09-27 17:25:36,298] INFO [TaskManager.templatetags.apptags:51] pro
[2014-09-27 17:25:36,301] INFO [TaskManager.templatetags.apptags:51] usr
[2014-09-27 17:25:36,303] INFO [TaskManager.templatetags.apptags:51] sta
[2014-09-27 17:26:41,000] INFO [TaskManager.templatetags.apptags:51] tas
[2014-09-27 17:26:41,003] INFO [TaskManager.templatetags.apptags:51] pro
[2014-09-27 17:26:41,005] INFO [TaskManager.templatetags.apptags:51] usr
[2014-09-27 17:26:41,006] INFO [TaskManager.templatetags.apptags:51] sta
[2014-09-27 17:28:01,062] DEBUG [TaskManager.views:45] debug
[2014-09-27 17:28:01,188] INFO [TaskManager.templatetags.apptags:51] tas
[2014-09-27 17:28:01,191] INFO [TaskManager.templatetags.apptags:51] pro
[2014-09-27 17:28:01,194] INFO [TaskManager.templatetags.apptags:51] usr
[2014-09-27 17:28:01,194] INFO [TaskManager.templatetags.apptags:51] sta
[2014-09-27 17:28:15,595] DEBUG [TaskManager.views:45] debug
[2014-09-27 17:28:15,710] INFO [TaskManager.templatetags.apptags:51] tas
[2014-09-27 17:28:15,713] INFO [TaskManager.templatetags.apptags:51] pro
[2014-09-27 17:28:15,713] INFO [TaskManager.templatetags.apptags:51] usr
[2014-09-27 17:28:15,714] INFO [TaskManager.templatetags.apptags:51] sta
[2014-09-27 17:32:06,822] DEBUG [TaskManager.views:45] debug
[2014-09-27 17:32:06,957] INFO [TaskManager.templatetags.apptags:51] tas
[2014-09-27 17:32:06,959] INFO [TaskManager.templatetags.apptags:51] pro
[2014-09-27 17:32:06,961] INFO [TaskManager.templatetags.apptags:51] usr
[2014-09-27 17:32:06,963] INFO [TaskManager.templatetags.apptags:51] sta
[2014-09-27 17:37:17,140] INFO [TaskManager.templatetags.apptags:51] tas
[2014-09-27 17:37:17,141] INFO [TaskManager.templatetags.apptags:51] pro
[2014-09-27 17:37:17,142] INFO [TaskManager.templatetags.apptags:51] usr
[2014-09-27 17:37:17,144] INFO [TaskManager.templatetags.apptags:51] sta
[2014-09-27 17:39:24,397] INFO [TaskManager.templatetags.apptags:51] tas
[2014-09-27 17:39:24,398] INFO [TaskManager.templatetags.apptags:51] pro
[2014-09-27 17:39:24,401] INFO [TaskManager.templatetags.apptags:51] usr
[2014-09-27 17:39:24,404] INFO [TaskManager.templatetags.apptags:51] sta
[2014-09-27 17:39:43,609] INFO [TaskManager.templatetags.apptags:51] tas
[2014-09-27 17:39:43,612] INFO [TaskManager.templatetags.apptags:51] pro
[2014-09-27 17:39:43,617] INFO [TaskManager.templatetags.apptags:51] usr
[2014-09-27 17:39:43,618] INFO [TaskManager.templatetags.apptags:51] sta
[2014-09-27 18:00:41,414] INFO [TaskManager.templatetags.apptags:51] tas
[2014-09-27 18:00:41,417] INFO [TaskManager.templatetags.apptags:51] pro
[2014-09-27 18:00:41,421] INFO [TaskManager.templatetags.apptags:51] usr
[2014-09-27 18:00:41,424] INFO [TaskManager.templatetags.apptags:51] sta
[2014-09-27 18:01:32,237] DEBUG [TaskManager.views:45] debug
[2014-09-27 18:01:32,397] INFO [TaskManager.templatetags.apptags:51] tas
[2014-09-27 18:01:32,404] INFO [TaskManager.templatetags.apptags:51] pro
[2014-09-27 18:01:32,404] INFO [TaskManager.templatetags.apptags:51] usr
[2014-09-27 18:01:32,407] INFO [TaskManager.templatetags.apptags:51] sta
[2014-09-27 18:01:44,940] DEBUG [TaskManager.views:45] debug
[2014-09-27 18:01:45,009] INFO [TaskManager.templatetags.apptags:51] tas
[2014-09-27 18:01:45,012] INFO [TaskManager.templatetags.apptags:51] pro
[2014-09-27 18:01:45,013] INFO [TaskManager.templatetags.apptags:51] usr
[2014-09-27 18:01:45,015] INFO [TaskManager.templatetags.apptags:51] sta
[2014-09-27 18:02:19,420] DEBUG [TaskManager.views:45] debug
[2014-09-27 18:02:19,552] INFO [TaskManager.templatetags.apptags:51] tas
[2014-09-27 18:02:19,553] INFO [TaskManager.templatetags.apptags:51] pro
[2014-09-27 18:02:19,555] INFO [TaskManager.templatetags.apptags:51] usr
[2014-09-27 18:02:19,555] INFO [TaskManager.templatetags.apptags:51] sta
[2014-09-27 18:03:02,976] DEBUG [TaskManager.views:45] debug
[2014-09-27 18:03:03,076] INFO [TaskManager.templatetags.apptags:51] tas
[2014-09-27 18:03:03,079] INFO [TaskManager.templatetags.apptags:51] pro
[2014-09-27 18:03:03,081] INFO [TaskManager.templatetags.apptags:51] usr
[2014-09-27 18:03:03,082] INFO [TaskManager.templatetags.apptags:51] sta
[2014-09-27 18:03:45,700] DEBUG [TaskManager.views:45] debug
[2014-09-27 18:03:45,834] INFO [TaskManager.templatetags.apptags:51] tas
[2014-09-27 18:03:45,835] INFO [TaskManager.templatetags.apptags:51] pro
[2014-09-27 18:03:45,838] INFO [TaskManager.templatetags.apptags:51] usr
[2014-09-27 18:03:45,838] INFO [TaskManager.templatetags.apptags:51] sta
[2014-09-27 18:04:02,571] DEBUG [TaskManager.views:45] debug
[2014-09-27 18:04:02,657] INFO [TaskManager.templatetags.apptags:51] tas
[2014-09-27 18:04:02,660] INFO [TaskManager.templatetags.apptags:51] pro
[2014-09-27 18:04:02,661] INFO [TaskManager.templatetags.apptags:51] usr
[2014-09-27 18:04:02,663] INFO [TaskManager.templatetags.apptags:51] sta
[2014-09-27 18:04:12,637] DEBUG [TaskManager.views:45] debug
[2014-09-27 18:04:12,743] INFO [TaskManager.templatetags.apptags:51] tas
[2014-09-27 18:04:12,746] INFO [TaskManager.templatetags.apptags:51] pro
[2014-09-27 18:04:12,749] INFO [TaskManager.templatetags.apptags:51] usr
[2014-09-27 18:04:12,750] INFO [TaskManager.templatetags.apptags:51] sta
[2014-09-27 18:04:38,448] DEBUG [TaskManager.views:45] debug
[2014-09-27 18:04:38,519] INFO [TaskManager.templatetags.apptags:51] tas
[2014-09-27 18:04:38,522] INFO [TaskManager.templatetags.apptags:51] pro
[2014-09-27 18:04:38,523] INFO [TaskManager.templatetags.apptags:51] usr
[2014-09-27 18:04:38,523] INFO [TaskManager.templatetags.apptags:51] sta
[2014-09-27 18:04:54,408] DEBUG [TaskManager.views:45] debug
[2014-09-27 18:04:54,523] INFO [TaskManager.templatetags.apptags:51] tas
[2014-09-27 18:04:54,526] INFO [TaskManager.templatetags.apptags:51] pro
[2014-09-27 18:04:54,526] INFO [TaskManager.templatetags.apptags:51] usr
[2014-09-27 18:04:54,529] INFO [TaskManager.templatetags.apptags:51] sta
[2014-09-27 18:06:10,532] INFO [TaskManager.templatetags.apptags:51] tas
[2014-09-27 18:06:10,535] INFO [TaskManager.templatetags.apptags:51] pro
[2014-09-27 18:06:10,536] INFO [TaskManager.templatetags.apptags:51] usr
[2014-09-27 18:06:10,539] INFO [TaskManager.templatetags.apptags:51] sta
[2014-09-27 18:06:43,846] DEBUG [TaskManager.views:45] debug
[2014-09-27 18:06:44,006] INFO [TaskManager.templatetags.apptags:51] tas
[2014-09-27 18:06:44,007] INFO [TaskManager.templatetags.apptags:51] pro
[2014-09-27 18:06:44,009] INFO [TaskManager.templatetags.apptags:51] usr
[2014-09-27 18:06:44,013] INFO [TaskManager.templatetags.apptags:51] sta
[2014-09-27 18:08:32,734] DEBUG [TaskManager.views:45] debug
[2014-09-27 18:08:32,806] INFO [TaskManager.templatetags.apptags:51] tas
[2014-09-27 18:08:32,808] INFO [TaskManager.templatetags.apptags:51] pro
[2014-09-27 18:08:32,809] INFO [TaskManager.templatetags.apptags:51] usr
[2014-09-27 18:08:32,811] INFO [TaskManager.templatetags.apptags:51] sta
[2014-09-27 18:09:56,982] DEBUG [TaskManager.views:45] debug
[2014-09-27 18:09:57,118] INFO [TaskManager.templatetags.apptags:51] tas
[2014-09-27 18:09:57,121] INFO [TaskManager.templatetags.apptags:51] pro
[2014-09-27 18:09:57,122] INFO [TaskManager.templatetags.apptags:51] usr
[2014-09-27 18:09:57,124] INFO [TaskManager.templatetags.apptags:51] sta
[2014-09-27 18:11:34,822] DEBUG [TaskManager.views:45] debug
[2014-09-27 18:11:34,947] INFO [TaskManager.templatetags.apptags:51] tas
[2014-09-27 18:11:34,947] INFO [TaskManager.templatetags.apptags:51] pro
[2014-09-27 18:11:34,950] INFO [TaskManager.templatetags.apptags:51] usr
[2014-09-27 18:11:34,950] INFO [TaskManager.templatetags.apptags:51] sta
[2014-09-27 18:15:49,569] DEBUG [TaskManager.views:45] debug
[2014-09-27 18:15:49,724] INFO [TaskManager.templatetags.apptags:51] tas
[2014-09-27 18:15:49,726] INFO [TaskManager.templatetags.apptags:51] pro
[2014-09-27 18:15:49,729] INFO [TaskManager.templatetags.apptags:51] usr
[2014-09-27 18:15:49,730] INFO [TaskManager.templatetags.apptags:51] sta
[2014-09-27 18:19:27,977] INFO [TaskManager.templatetags.apptags:51] tas
[2014-09-27 18:19:27,980] INFO [TaskManager.templatetags.apptags:51] pro
[2014-09-27 18:19:27,980] INFO [TaskManager.templatetags.apptags:51] usr
[2014-09-27 18:19:27,982] INFO [TaskManager.templatetags.apptags:51] sta
[2014-09-27 18:19:35,500] INFO [TaskManager.templatetags.apptags:51] tas
[2014-09-27 18:19:35,502] INFO [TaskManager.templatetags.apptags:51] pro
[2014-09-27 18:19:35,503] INFO [TaskManager.templatetags.apptags:51] usr
[2014-09-27 18:19:35,505] INFO [TaskManager.templatetags.apptags:51] sta
[2014-09-27 18:19:38,990] INFO [TaskManager.templatetags.apptags:51] tas
[2014-09-27 18:19:38,993] INFO [TaskManager.templatetags.apptags:51] pro
[2014-09-27 18:19:38,996] INFO [TaskManager.templatetags.apptags:51] usr
[2014-09-27 18:19:39,000] INFO [TaskManager.templatetags.apptags:51] sta
[2014-09-27 18:20:38,190] INFO [TaskManager.templatetags.apptags:51] tas
[2014-09-27 18:20:38,193] INFO [TaskManager.templatetags.apptags:51] pro
[2014-09-27 18:20:38,194] INFO [TaskManager.templatetags.apptags:51] usr
[2014-09-27 18:20:38,197] INFO [TaskManager.templatetags.apptags:51] sta
[2014-09-27 18:20:45,869] INFO [TaskManager.templatetags.apptags:51] tas
[2014-09-27 18:20:45,871] INFO [TaskManager.templatetags.apptags:51] pro
[2014-09-27 18:20:45,874] INFO [TaskManager.templatetags.apptags:51] usr
[2014-09-27 18:20:45,875] INFO [TaskManager.templatetags.apptags:51] sta
[2014-09-27 18:20:45,950] INFO [TaskManager.templatetags.apptags:51] tas
[2014-09-27 18:20:45,954] INFO [TaskManager.templatetags.apptags:51] pro
[2014-09-27 18:20:45,959] INFO [TaskManager.templatetags.apptags:51] usr
[2014-09-27 18:20:45,960] INFO [TaskManager.templatetags.apptags:51] sta
[2014-09-27 18:21:44,453] INFO [TaskManager.templatetags.apptags:51] tas
[2014-09-27 18:21:44,456] INFO [TaskManager.templatetags.apptags:51] pro
[2014-09-27 18:21:44,457] INFO [TaskManager.templatetags.apptags:51] usr
[2014-09-27 18:21:44,461] INFO [TaskManager.templatetags.apptags:51] sta
[2014-09-27 18:21:53,164] INFO [TaskManager.templatetags.apptags:51] tas
[2014-09-27 18:21:53,167] INFO [TaskManager.templatetags.apptags:51] pro
[2014-09-27 18:21:53,168] INFO [TaskManager.templatetags.apptags:51] usr
[2014-09-27 18:21:53,170] INFO [TaskManager.templatetags.apptags:51] sta
[2014-09-27 18:21:53,216] INFO [TaskManager.templatetags.apptags:51] tas
[2014-09-27 18:21:53,223] INFO [TaskManager.templatetags.apptags:51] pro
[2014-09-27 18:21:53,226] INFO [TaskManager.templatetags.apptags:51] usr
[2014-09-27 18:21:53,232] INFO [TaskManager.templatetags.apptags:51] sta
[2014-09-27 18:22:14,479] INFO [TaskManager.templatetags.apptags:51] tas
[2014-09-27 18:22:14,482] INFO [TaskManager.templatetags.apptags:51] pro
[2014-09-27 18:22:14,483] INFO [TaskManager.templatetags.apptags:51] usr
[2014-09-27 18:22:14,484] INFO [TaskManager.templatetags.apptags:51] sta
[2014-09-27 18:22:20,319] INFO [TaskManager.templatetags.apptags:51] tas
[2014-09-27 18:22:20,321] INFO [TaskManager.templatetags.apptags:51] pro
[2014-09-27 18:22:20,322] INFO [TaskManager.templatetags.apptags:51] usr
[2014-09-27 18:22:20,325] INFO [TaskManager.templatetags.apptags:51] sta
[2014-09-27 18:22:20,703] INFO [TaskManager.templatetags.apptags:51] tas
[2014-09-27 18:22:20,704] INFO [TaskManager.templatetags.apptags:51] pro
[2014-09-27 18:22:20,707] INFO [TaskManager.templatetags.apptags:51] usr
[2014-09-27 18:22:20,707] INFO [TaskManager.templatetags.apptags:51] sta
[2014-09-27 18:23:23,242] INFO [TaskManager.templatetags.apptags:51] tas
[2014-09-27 18:23:23,243] INFO [TaskManager.templatetags.apptags:51] pro
[2014-09-27 18:23:23,246] INFO [TaskManager.templatetags.apptags:51] usr
[2014-09-27 18:23:23,250] INFO [TaskManager.templatetags.apptags:51] sta
[2014-09-27 18:23:30,145] INFO [TaskManager.templatetags.apptags:51] tas
[2014-09-27 18:23:30,148] INFO [TaskManager.templatetags.apptags:51] pro
[2014-09-27 18:23:30,148] INFO [TaskManager.templatetags.apptags:51] usr
[2014-09-27 18:23:30,150] INFO [TaskManager.templatetags.apptags:51] sta
[2014-09-27 18:23:30,219] INFO [TaskManager.templatetags.apptags:51] tas
[2014-09-27 18:23:30,220] INFO [TaskManager.templatetags.apptags:51] pro
[2014-09-27 18:23:30,226] INFO [TaskManager.templatetags.apptags:51] usr
[2014-09-27 18:23:30,229] INFO [TaskManager.templatetags.apptags:51] sta
[2014-09-27 18:24:36,813] DEBUG [TaskManager.views:45] debug
[2014-09-27 18:24:36,920] INFO [TaskManager.templatetags.apptags:51] tas
[2014-09-27 18:24:36,921] INFO [TaskManager.templatetags.apptags:51] pro
[2014-09-27 18:24:36,923] INFO [TaskManager.templatetags.apptags:51] usr
[2014-09-27 18:24:36,926] INFO [TaskManager.templatetags.apptags:51] sta
[2014-09-27 18:24:50,664] INFO [TaskManager.templatetags.apptags:51] tas
[2014-09-27 18:24:50,674] INFO [TaskManager.templatetags.apptags:51] pro
[2014-09-27 18:24:50,677] INFO [TaskManager.templatetags.apptags:51] usr
[2014-09-27 18:24:50,707] INFO [TaskManager.templatetags.apptags:51] tas
[2014-09-27 18:24:50,710] INFO [TaskManager.templatetags.apptags:51] pro
[2014-09-27 18:24:50,716] INFO [TaskManager.templatetags.apptags:51] usr
[2014-09-27 18:24:50,717] INFO [TaskManager.templatetags.apptags:51] sta
[2014-09-27 18:24:50,766] INFO [TaskManager.templatetags.apptags:51] sta
[2014-09-27 18:25:53,671] DEBUG [TaskManager.views:45] debug
[2014-09-27 18:25:53,734] INFO [TaskManager.templatetags.apptags:51] tas
[2014-09-27 18:25:53,737] INFO [TaskManager.templatetags.apptags:51] pro
[2014-09-27 18:25:53,740] INFO [TaskManager.templatetags.apptags:51] usr
[2014-09-27 18:25:53,743] INFO [TaskManager.templatetags.apptags:51] sta
[2014-09-27 18:25:59,190] INFO [TaskManager.templatetags.apptags:51] tas
[2014-09-27 18:25:59,191] INFO [TaskManager.templatetags.apptags:51] pro
[2014-09-27 18:25:59,194] INFO [TaskManager.templatetags.apptags:51] usr
[2014-09-27 18:25:59,194] INFO [TaskManager.templatetags.apptags:51] sta
[2014-09-27 18:25:59,203] INFO [TaskManager.templatetags.apptags:51] tas
[2014-09-27 18:25:59,210] INFO [TaskManager.templatetags.apptags:51] pro
[2014-09-27 18:25:59,213] INFO [TaskManager.templatetags.apptags:51] usr
[2014-09-27 18:25:59,217] INFO [TaskManager.templatetags.apptags:51] sta
[2014-09-27 18:28:07,869] INFO [TaskManager.templatetags.apptags:51] tas
[2014-09-27 18:28:07,872] INFO [TaskManager.templatetags.apptags:51] pro
[2014-09-27 18:28:07,875] INFO [TaskManager.templatetags.apptags:51] usr
[2014-09-27 18:28:07,878] INFO [TaskManager.templatetags.apptags:51] sta
[2014-09-27 18:28:17,430] INFO [TaskManager.templatetags.apptags:51] tas
[2014-09-27 18:28:17,434] INFO [TaskManager.templatetags.apptags:51] pro
[2014-09-27 18:28:17,436] INFO [TaskManager.templatetags.apptags:51] usr
[2014-09-27 18:28:17,440] INFO [TaskManager.templatetags.apptags:51] sta
[2014-09-27 18:28:59,789] INFO [TaskManager.templatetags.apptags:51] tas
[2014-09-27 18:28:59,796] INFO [TaskManager.templatetags.apptags:51] pro
[2014-09-27 18:28:59,798] INFO [TaskManager.templatetags.apptags:51] usr
[2014-09-27 18:28:59,801] INFO [TaskManager.templatetags.apptags:51] sta
[2014-09-27 18:31:59,226] INFO [TaskManager.templatetags.apptags:51] tas
[2014-09-27 18:31:59,229] INFO [TaskManager.templatetags.apptags:51] pro
[2014-09-27 18:31:59,233] INFO [TaskManager.templatetags.apptags:51] usr
[2014-09-27 18:31:59,233] INFO [TaskManager.templatetags.apptags:51] sta
[2014-09-27 18:32:07,684] INFO [TaskManager.templatetags.apptags:51] tas
[2014-09-27 18:32:07,686] INFO [TaskManager.templatetags.apptags:51] pro
[2014-09-27 18:32:07,687] INFO [TaskManager.templatetags.apptags:51] usr
[2014-09-27 18:32:07,688] INFO [TaskManager.templatetags.apptags:51] sta
[2014-09-27 18:40:33,436] INFO [TaskManager.templatetags.apptags:51] tas
[2014-09-27 18:40:33,437] INFO [TaskManager.templatetags.apptags:51] pro
[2014-09-27 18:40:33,440] INFO [TaskManager.templatetags.apptags:51] usr
[2014-09-27 18:40:33,441] INFO [TaskManager.templatetags.apptags:51] sta
[2014-09-27 18:40:54,732] INFO [TaskManager.templatetags.apptags:51] tas
[2014-09-27 18:40:54,733] INFO [TaskManager.templatetags.apptags:51] pro
[2014-09-27 18:40:54,736] INFO [TaskManager.templatetags.apptags:51] usr
[2014-09-27 18:40:54,736] INFO [TaskManager.templatetags.apptags:51] sta
[2014-09-27 18:41:39,221] INFO [TaskManager.templatetags.apptags:51] tas
[2014-09-27 18:41:39,224] INFO [TaskManager.templatetags.apptags:51] pro
[2014-09-27 18:41:39,226] INFO [TaskManager.templatetags.apptags:51] usr
[2014-09-27 18:41:39,227] INFO [TaskManager.templatetags.apptags:51] sta
